Script started at Sun Oct  5 14:21:10 ADT 2025
Summaries will be saved to background.txt
Processing A 2 Hour Deep Dive into Entropy.txt
Temporary directory created: /mnt/c/Users/nateg/OneDrive/Documentos/GitHub/vanity-press-economy/tmp_A2HourDeepDiveintoEntropy.txt_2YrptB
File split into chunks: /mnt/c/Users/nateg/OneDrive/Documentos/GitHub/vanity-press-economy/tmp_A2HourDeepDiveintoEntropy.txt_2YrptB/chunk_aa
/mnt/c/Users/nateg/OneDrive/Documentos/GitHub/vanity-press-economy/tmp_A2HourDeepDiveintoEntropy.txt_2YrptB/chunk_ab
/mnt/c/Users/nateg/OneDrive/Documentos/GitHub/vanity-press-economy/tmp_A2HourDeepDiveintoEntropy.txt_2YrptB/chunk_ac
Temporary directory /mnt/c/Users/nateg/OneDrive/Documentos/GitHub/vanity-press-economy/tmp_A2HourDeepDiveintoEntropy.txt_2YrptB removed
A 2 Hour Deep Dive into Entropy.txt
Processing A Masterclass on Enactivism and Cognition (w_ Shaun Gallagher).txt
Temporary directory created: /mnt/c/Users/nateg/OneDrive/Documentos/GitHub/vanity-press-economy/tmp_AMasterclassonEnactivismandCognition(w_ShaunGallagher).txt_brXDtz
File split into chunks: /mnt/c/Users/nateg/OneDrive/Documentos/GitHub/vanity-press-economy/tmp_AMasterclassonEnactivismandCognition(w_ShaunGallagher).txt_brXDtz/chunk_aa
/mnt/c/Users/nateg/OneDrive/Documentos/GitHub/vanity-press-economy/tmp_AMasterclassonEnactivismandCognition(w_ShaunGallagher).txt_brXDtz/chunk_ab
/mnt/c/Users/nateg/OneDrive/Documentos/GitHub/vanity-press-economy/tmp_AMasterclassonEnactivismandCognition(w_ShaunGallagher).txt_brXDtz/chunk_ac
Temporary directory /mnt/c/Users/nateg/OneDrive/Documentos/GitHub/vanity-press-economy/tmp_AMasterclassonEnactivismandCognition(w_ShaunGallagher).txt_brXDtz removed
A Masterclass on Enactivism and Cognition (w_ Shaun Gallagher).txt
Processing AI efficiency debate.txt
Temporary directory created: /mnt/c/Users/nateg/OneDrive/Documentos/GitHub/vanity-press-economy/tmp_AIefficiencydebate.txt_Y7wijW
File split into chunks: /mnt/c/Users/nateg/OneDrive/Documentos/GitHub/vanity-press-economy/tmp_AIefficiencydebate.txt_Y7wijW/chunk_aa
/mnt/c/Users/nateg/OneDrive/Documentos/GitHub/vanity-press-economy/tmp_AIefficiencydebate.txt_Y7wijW/chunk_ab
/mnt/c/Users/nateg/OneDrive/Documentos/GitHub/vanity-press-economy/tmp_AIefficiencydebate.txt_Y7wijW/chunk_ac
/mnt/c/Users/nateg/OneDrive/Documentos/GitHub/vanity-press-economy/tmp_AIefficiencydebate.txt_Y7wijW/chunk_ad
/mnt/c/Users/nateg/OneDrive/Documentos/GitHub/vanity-press-economy/tmp_AIefficiencydebate.txt_Y7wijW/chunk_ae
/mnt/c/Users/nateg/OneDrive/Documentos/GitHub/vanity-press-economy/tmp_AIefficiencydebate.txt_Y7wijW/chunk_af
/mnt/c/Users/nateg/OneDrive/Documentos/GitHub/vanity-press-economy/tmp_AIefficiencydebate.txt_Y7wijW/chunk_ag
/mnt/c/Users/nateg/OneDrive/Documentos/GitHub/vanity-press-economy/tmp_AIefficiencydebate.txt_Y7wijW/chunk_ah
Temporary directory /mnt/c/Users/nateg/OneDrive/Documentos/GitHub/vanity-press-economy/tmp_AIefficiencydebate.txt_Y7wijW removed
AI efficiency debate.txt
Processing Abstract thinking and enactivism.txt
Temporary directory created: /mnt/c/Users/nateg/OneDrive/Documentos/GitHub/vanity-press-economy/tmp_Abstractthinkingandenactivism.txt_mXEP6N
File split into chunks: /mnt/c/Users/nateg/OneDrive/Documentos/GitHub/vanity-press-economy/tmp_Abstractthinkingandenactivism.txt_mXEP6N/chunk_aa
/mnt/c/Users/nateg/OneDrive/Documentos/GitHub/vanity-press-economy/tmp_Abstractthinkingandenactivism.txt_mXEP6N/chunk_ab
/mnt/c/Users/nateg/OneDrive/Documentos/GitHub/vanity-press-economy/tmp_Abstractthinkingandenactivism.txt_mXEP6N/chunk_ac
/mnt/c/Users/nateg/OneDrive/Documentos/GitHub/vanity-press-economy/tmp_Abstractthinkingandenactivism.txt_mXEP6N/chunk_ad
/mnt/c/Users/nateg/OneDrive/Documentos/GitHub/vanity-press-economy/tmp_Abstractthinkingandenactivism.txt_mXEP6N/chunk_ae
/mnt/c/Users/nateg/OneDrive/Documentos/GitHub/vanity-press-economy/tmp_Abstractthinkingandenactivism.txt_mXEP6N/chunk_af
/mnt/c/Users/nateg/OneDrive/Documentos/GitHub/vanity-press-economy/tmp_Abstractthinkingandenactivism.txt_mXEP6N/chunk_ag
/mnt/c/Users/nateg/OneDrive/Documentos/GitHub/vanity-press-economy/tmp_Abstractthinkingandenactivism.txt_mXEP6N/chunk_ah
/mnt/c/Users/nateg/OneDrive/Documentos/GitHub/vanity-press-economy/tmp_Abstractthinkingandenactivism.txt_mXEP6N/chunk_ai
/mnt/c/Users/nateg/OneDrive/Documentos/GitHub/vanity-press-economy/tmp_Abstractthinkingandenactivism.txt_mXEP6N/chunk_aj
/mnt/c/Users/nateg/OneDrive/Documentos/GitHub/vanity-press-economy/tmp_Abstractthinkingandenactivism.txt_mXEP6N/chunk_ak
/mnt/c/Users/nateg/OneDrive/Documentos/GitHub/vanity-press-economy/tmp_Abstractthinkingandenactivism.txt_mXEP6N/chunk_al
/mnt/c/Users/nateg/OneDrive/Documentos/GitHub/vanity-press-economy/tmp_Abstractthinkingandenactivism.txt_mXEP6N/chunk_am
/mnt/c/Users/nateg/OneDrive/Documentos/GitHub/vanity-press-economy/tmp_Abstractthinkingandenactivism.txt_mXEP6N/chunk_an
/mnt/c/Users/nateg/OneDrive/Documentos/GitHub/vanity-press-economy/tmp_Abstractthinkingandenactivism.txt_mXEP6N/chunk_ao
/mnt/c/Users/nateg/OneDrive/Documentos/GitHub/vanity-press-economy/tmp_Abstractthinkingandenactivism.txt_mXEP6N/chunk_ap
/mnt/c/Users/nateg/OneDrive/Documentos/GitHub/vanity-press-economy/tmp_Abstractthinkingandenactivism.txt_mXEP6N/chunk_aq
/mnt/c/Users/nateg/OneDrive/Documentos/GitHub/vanity-press-economy/tmp_Abstractthinkingandenactivism.txt_mXEP6N/chunk_ar
/mnt/c/Users/nateg/OneDrive/Documentos/GitHub/vanity-press-economy/tmp_Abstractthinkingandenactivism.txt_mXEP6N/chunk_as
/mnt/c/Users/nateg/OneDrive/Documentos/GitHub/vanity-press-economy/tmp_Abstractthinkingandenactivism.txt_mXEP6N/chunk_at
Temporary directory /mnt/c/Users/nateg/OneDrive/Documentos/GitHub/vanity-press-economy/tmp_Abstractthinkingandenactivism.txt_mXEP6N removed
Abstract thinking and enactivism.txt
Processing Bicameral Illusion_ RSVP and Oscillatory Dynamics.txt
Temporary directory created: /mnt/c/Users/nateg/OneDrive/Documentos/GitHub/vanity-press-economy/tmp_BicameralIllusion_RSVPandOscillatoryDynamics.txt_Ouh4Rb
File split into chunks: /mnt/c/Users/nateg/OneDrive/Documentos/GitHub/vanity-press-economy/tmp_BicameralIllusion_RSVPandOscillatoryDynamics.txt_Ouh4Rb/chunk_aa
/mnt/c/Users/nateg/OneDrive/Documentos/GitHub/vanity-press-economy/tmp_BicameralIllusion_RSVPandOscillatoryDynamics.txt_Ouh4Rb/chunk_ab
/mnt/c/Users/nateg/OneDrive/Documentos/GitHub/vanity-press-economy/tmp_BicameralIllusion_RSVPandOscillatoryDynamics.txt_Ouh4Rb/chunk_ac
/mnt/c/Users/nateg/OneDrive/Documentos/GitHub/vanity-press-economy/tmp_BicameralIllusion_RSVPandOscillatoryDynamics.txt_Ouh4Rb/chunk_ad
Temporary directory /mnt/c/Users/nateg/OneDrive/Documentos/GitHub/vanity-press-economy/tmp_BicameralIllusion_RSVPandOscillatoryDynamics.txt_Ouh4Rb removed
Bicameral Illusion_ RSVP and Oscillatory Dynamics.txt
Processing Bicameral mind illusion.txt
Temporary directory created: /mnt/c/Users/nateg/OneDrive/Documentos/GitHub/vanity-press-economy/tmp_Bicameralmindillusion.txt_IGKygU
File split into chunks: /mnt/c/Users/nateg/OneDrive/Documentos/GitHub/vanity-press-economy/tmp_Bicameralmindillusion.txt_IGKygU/chunk_aa
/mnt/c/Users/nateg/OneDrive/Documentos/GitHub/vanity-press-economy/tmp_Bicameralmindillusion.txt_IGKygU/chunk_ab
/mnt/c/Users/nateg/OneDrive/Documentos/GitHub/vanity-press-economy/tmp_Bicameralmindillusion.txt_IGKygU/chunk_ac
/mnt/c/Users/nateg/OneDrive/Documentos/GitHub/vanity-press-economy/tmp_Bicameralmindillusion.txt_IGKygU/chunk_ad
/mnt/c/Users/nateg/OneDrive/Documentos/GitHub/vanity-press-economy/tmp_Bicameralmindillusion.txt_IGKygU/chunk_ae
/mnt/c/Users/nateg/OneDrive/Documentos/GitHub/vanity-press-economy/tmp_Bicameralmindillusion.txt_IGKygU/chunk_af
/mnt/c/Users/nateg/OneDrive/Documentos/GitHub/vanity-press-economy/tmp_Bicameralmindillusion.txt_IGKygU/chunk_ag
/mnt/c/Users/nateg/OneDrive/Documentos/GitHub/vanity-press-economy/tmp_Bicameralmindillusion.txt_IGKygU/chunk_ah
/mnt/c/Users/nateg/OneDrive/Documentos/GitHub/vanity-press-economy/tmp_Bicameralmindillusion.txt_IGKygU/chunk_ai
/mnt/c/Users/nateg/OneDrive/Documentos/GitHub/vanity-press-economy/tmp_Bicameralmindillusion.txt_IGKygU/chunk_aj
/mnt/c/Users/nateg/OneDrive/Documentos/GitHub/vanity-press-economy/tmp_Bicameralmindillusion.txt_IGKygU/chunk_ak
/mnt/c/Users/nateg/OneDrive/Documentos/GitHub/vanity-press-economy/tmp_Bicameralmindillusion.txt_IGKygU/chunk_al
/mnt/c/Users/nateg/OneDrive/Documentos/GitHub/vanity-press-economy/tmp_Bicameralmindillusion.txt_IGKygU/chunk_am
/mnt/c/Users/nateg/OneDrive/Documentos/GitHub/vanity-press-economy/tmp_Bicameralmindillusion.txt_IGKygU/chunk_an
/mnt/c/Users/nateg/OneDrive/Documentos/GitHub/vanity-press-economy/tmp_Bicameralmindillusion.txt_IGKygU/chunk_ao
/mnt/c/Users/nateg/OneDrive/Documentos/GitHub/vanity-press-economy/tmp_Bicameralmindillusion.txt_IGKygU/chunk_ap
/mnt/c/Users/nateg/OneDrive/Documentos/GitHub/vanity-press-economy/tmp_Bicameralmindillusion.txt_IGKygU/chunk_aq
/mnt/c/Users/nateg/OneDrive/Documentos/GitHub/vanity-press-economy/tmp_Bicameralmindillusion.txt_IGKygU/chunk_ar
/mnt/c/Users/nateg/OneDrive/Documentos/GitHub/vanity-press-economy/tmp_Bicameralmindillusion.txt_IGKygU/chunk_as
/mnt/c/Users/nateg/OneDrive/Documentos/GitHub/vanity-press-economy/tmp_Bicameralmindillusion.txt_IGKygU/chunk_at
/mnt/c/Users/nateg/OneDrive/Documentos/GitHub/vanity-press-economy/tmp_Bicameralmindillusion.txt_IGKygU/chunk_au
/mnt/c/Users/nateg/OneDrive/Documentos/GitHub/vanity-press-economy/tmp_Bicameralmindillusion.txt_IGKygU/chunk_av
Temporary directory /mnt/c/Users/nateg/OneDrive/Documentos/GitHub/vanity-press-economy/tmp_Bicameralmindillusion.txt_IGKygU removed
Bicameral mind illusion.txt
Processing Consciousness as Rhythmic Cognitive Gait.txt
Temporary directory created: /mnt/c/Users/nateg/OneDrive/Documentos/GitHub/vanity-press-economy/tmp_ConsciousnessasRhythmicCognitiveGait.txt_pHRzTg
File split into chunks: /mnt/c/Users/nateg/OneDrive/Documentos/GitHub/vanity-press-economy/tmp_ConsciousnessasRhythmicCognitiveGait.txt_pHRzTg/chunk_aa
/mnt/c/Users/nateg/OneDrive/Documentos/GitHub/vanity-press-economy/tmp_ConsciousnessasRhythmicCognitiveGait.txt_pHRzTg/chunk_ab
/mnt/c/Users/nateg/OneDrive/Documentos/GitHub/vanity-press-economy/tmp_ConsciousnessasRhythmicCognitiveGait.txt_pHRzTg/chunk_ac
/mnt/c/Users/nateg/OneDrive/Documentos/GitHub/vanity-press-economy/tmp_ConsciousnessasRhythmicCognitiveGait.txt_pHRzTg/chunk_ad
/mnt/c/Users/nateg/OneDrive/Documentos/GitHub/vanity-press-economy/tmp_ConsciousnessasRhythmicCognitiveGait.txt_pHRzTg/chunk_ae
/mnt/c/Users/nateg/OneDrive/Documentos/GitHub/vanity-press-economy/tmp_ConsciousnessasRhythmicCognitiveGait.txt_pHRzTg/chunk_af
/mnt/c/Users/nateg/OneDrive/Documentos/GitHub/vanity-press-economy/tmp_ConsciousnessasRhythmicCognitiveGait.txt_pHRzTg/chunk_ag
Temporary directory /mnt/c/Users/nateg/OneDrive/Documentos/GitHub/vanity-press-economy/tmp_ConsciousnessasRhythmicCognitiveGait.txt_pHRzTg removed
Consciousness as Rhythmic Cognitive Gait.txt
Processing Cyclical cortical network activity.txt
Temporary directory created: /mnt/c/Users/nateg/OneDrive/Documentos/GitHub/vanity-press-economy/tmp_Cyclicalcorticalnetworkactivity.txt_GEYpG0
File split into chunks: /mnt/c/Users/nateg/OneDrive/Documentos/GitHub/vanity-press-economy/tmp_Cyclicalcorticalnetworkactivity.txt_GEYpG0/chunk_aa
/mnt/c/Users/nateg/OneDrive/Documentos/GitHub/vanity-press-economy/tmp_Cyclicalcorticalnetworkactivity.txt_GEYpG0/chunk_ab
/mnt/c/Users/nateg/OneDrive/Documentos/GitHub/vanity-press-economy/tmp_Cyclicalcorticalnetworkactivity.txt_GEYpG0/chunk_ac
/mnt/c/Users/nateg/OneDrive/Documentos/GitHub/vanity-press-economy/tmp_Cyclicalcorticalnetworkactivity.txt_GEYpG0/chunk_ad
/mnt/c/Users/nateg/OneDrive/Documentos/GitHub/vanity-press-economy/tmp_Cyclicalcorticalnetworkactivity.txt_GEYpG0/chunk_ae
/mnt/c/Users/nateg/OneDrive/Documentos/GitHub/vanity-press-economy/tmp_Cyclicalcorticalnetworkactivity.txt_GEYpG0/chunk_af
/mnt/c/Users/nateg/OneDrive/Documentos/GitHub/vanity-press-economy/tmp_Cyclicalcorticalnetworkactivity.txt_GEYpG0/chunk_ag
/mnt/c/Users/nateg/OneDrive/Documentos/GitHub/vanity-press-economy/tmp_Cyclicalcorticalnetworkactivity.txt_GEYpG0/chunk_ah
/mnt/c/Users/nateg/OneDrive/Documentos/GitHub/vanity-press-economy/tmp_Cyclicalcorticalnetworkactivity.txt_GEYpG0/chunk_ai
/mnt/c/Users/nateg/OneDrive/Documentos/GitHub/vanity-press-economy/tmp_Cyclicalcorticalnetworkactivity.txt_GEYpG0/chunk_aj
/mnt/c/Users/nateg/OneDrive/Documentos/GitHub/vanity-press-economy/tmp_Cyclicalcorticalnetworkactivity.txt_GEYpG0/chunk_ak
/mnt/c/Users/nateg/OneDrive/Documentos/GitHub/vanity-press-economy/tmp_Cyclicalcorticalnetworkactivity.txt_GEYpG0/chunk_al
/mnt/c/Users/nateg/OneDrive/Documentos/GitHub/vanity-press-economy/tmp_Cyclicalcorticalnetworkactivity.txt_GEYpG0/chunk_am
/mnt/c/Users/nateg/OneDrive/Documentos/GitHub/vanity-press-economy/tmp_Cyclicalcorticalnetworkactivity.txt_GEYpG0/chunk_an
Temporary directory /mnt/c/Users/nateg/OneDrive/Documentos/GitHub/vanity-press-economy/tmp_Cyclicalcorticalnetworkactivity.txt_GEYpG0 removed
Cyclical cortical network activity.txt
Processing Deccelerationist Agenda_ Slowing AGI through Diversity.txt
Temporary directory created: /mnt/c/Users/nateg/OneDrive/Documentos/GitHub/vanity-press-economy/tmp_DeccelerationistAgenda_SlowingAGIthroughDiversity.txt_7gp6gj
File split into chunks: /mnt/c/Users/nateg/OneDrive/Documentos/GitHub/vanity-press-economy/tmp_DeccelerationistAgenda_SlowingAGIthroughDiversity.txt_7gp6gj/chunk_aa
/mnt/c/Users/nateg/OneDrive/Documentos/GitHub/vanity-press-economy/tmp_DeccelerationistAgenda_SlowingAGIthroughDiversity.txt_7gp6gj/chunk_ab
/mnt/c/Users/nateg/OneDrive/Documentos/GitHub/vanity-press-economy/tmp_DeccelerationistAgenda_SlowingAGIthroughDiversity.txt_7gp6gj/chunk_ac
/mnt/c/Users/nateg/OneDrive/Documentos/GitHub/vanity-press-economy/tmp_DeccelerationistAgenda_SlowingAGIthroughDiversity.txt_7gp6gj/chunk_ad
/mnt/c/Users/nateg/OneDrive/Documentos/GitHub/vanity-press-economy/tmp_DeccelerationistAgenda_SlowingAGIthroughDiversity.txt_7gp6gj/chunk_ae
/mnt/c/Users/nateg/OneDrive/Documentos/GitHub/vanity-press-economy/tmp_DeccelerationistAgenda_SlowingAGIthroughDiversity.txt_7gp6gj/chunk_af
Temporary directory /mnt/c/Users/nateg/OneDrive/Documentos/GitHub/vanity-press-economy/tmp_DeccelerationistAgenda_SlowingAGIthroughDiversity.txt_7gp6gj removed
Deccelerationist Agenda_ Slowing AGI through Diversity.txt
Processing Derivational and semantic adequacy.txt
Temporary directory created: /mnt/c/Users/nateg/OneDrive/Documentos/GitHub/vanity-press-economy/tmp_Derivationalandsemanticadequacy.txt_lJalj6
File split into chunks: /mnt/c/Users/nateg/OneDrive/Documentos/GitHub/vanity-press-economy/tmp_Derivationalandsemanticadequacy.txt_lJalj6/chunk_aa
/mnt/c/Users/nateg/OneDrive/Documentos/GitHub/vanity-press-economy/tmp_Derivationalandsemanticadequacy.txt_lJalj6/chunk_ab
/mnt/c/Users/nateg/OneDrive/Documentos/GitHub/vanity-press-economy/tmp_Derivationalandsemanticadequacy.txt_lJalj6/chunk_ac
Temporary directory /mnt/c/Users/nateg/OneDrive/Documentos/GitHub/vanity-press-economy/tmp_Derivationalandsemanticadequacy.txt_lJalj6 removed
Derivational and semantic adequacy.txt
Processing Dream analysis interpretation.txt
Temporary directory created: /mnt/c/Users/nateg/OneDrive/Documentos/GitHub/vanity-press-economy/tmp_Dreamanalysisinterpretation.txt_AEuN1f
File split into chunks: /mnt/c/Users/nateg/OneDrive/Documentos/GitHub/vanity-press-economy/tmp_Dreamanalysisinterpretation.txt_AEuN1f/chunk_aa
Temporary directory /mnt/c/Users/nateg/OneDrive/Documentos/GitHub/vanity-press-economy/tmp_Dreamanalysisinterpretation.txt_AEuN1f removed
Dream analysis interpretation.txt
Processing Ed Zitron summary.txt
Temporary directory created: /mnt/c/Users/nateg/OneDrive/Documentos/GitHub/vanity-press-economy/tmp_EdZitronsummary.txt_gKY11Q
File split into chunks: /mnt/c/Users/nateg/OneDrive/Documentos/GitHub/vanity-press-economy/tmp_EdZitronsummary.txt_gKY11Q/chunk_aa
/mnt/c/Users/nateg/OneDrive/Documentos/GitHub/vanity-press-economy/tmp_EdZitronsummary.txt_gKY11Q/chunk_ab
/mnt/c/Users/nateg/OneDrive/Documentos/GitHub/vanity-press-economy/tmp_EdZitronsummary.txt_gKY11Q/chunk_ac
/mnt/c/Users/nateg/OneDrive/Documentos/GitHub/vanity-press-economy/tmp_EdZitronsummary.txt_gKY11Q/chunk_ad
/mnt/c/Users/nateg/OneDrive/Documentos/GitHub/vanity-press-economy/tmp_EdZitronsummary.txt_gKY11Q/chunk_ae
/mnt/c/Users/nateg/OneDrive/Documentos/GitHub/vanity-press-economy/tmp_EdZitronsummary.txt_gKY11Q/chunk_af
/mnt/c/Users/nateg/OneDrive/Documentos/GitHub/vanity-press-economy/tmp_EdZitronsummary.txt_gKY11Q/chunk_ag
/mnt/c/Users/nateg/OneDrive/Documentos/GitHub/vanity-press-economy/tmp_EdZitronsummary.txt_gKY11Q/chunk_ah
/mnt/c/Users/nateg/OneDrive/Documentos/GitHub/vanity-press-economy/tmp_EdZitronsummary.txt_gKY11Q/chunk_ai
/mnt/c/Users/nateg/OneDrive/Documentos/GitHub/vanity-press-economy/tmp_EdZitronsummary.txt_gKY11Q/chunk_aj
Temporary directory /mnt/c/Users/nateg/OneDrive/Documentos/GitHub/vanity-press-economy/tmp_EdZitronsummary.txt_gKY11Q removed
Ed Zitron summary.txt
Processing Entropy as Infrastructure_ Computation and Heat.txt
Temporary directory created: /mnt/c/Users/nateg/OneDrive/Documentos/GitHub/vanity-press-economy/tmp_EntropyasInfrastructure_ComputationandHeat.txt_xQJKny
File split into chunks: /mnt/c/Users/nateg/OneDrive/Documentos/GitHub/vanity-press-economy/tmp_EntropyasInfrastructure_ComputationandHeat.txt_xQJKny/chunk_aa
/mnt/c/Users/nateg/OneDrive/Documentos/GitHub/vanity-press-economy/tmp_EntropyasInfrastructure_ComputationandHeat.txt_xQJKny/chunk_ab
/mnt/c/Users/nateg/OneDrive/Documentos/GitHub/vanity-press-economy/tmp_EntropyasInfrastructure_ComputationandHeat.txt_xQJKny/chunk_ac
/mnt/c/Users/nateg/OneDrive/Documentos/GitHub/vanity-press-economy/tmp_EntropyasInfrastructure_ComputationandHeat.txt_xQJKny/chunk_ad
/mnt/c/Users/nateg/OneDrive/Documentos/GitHub/vanity-press-economy/tmp_EntropyasInfrastructure_ComputationandHeat.txt_xQJKny/chunk_ae
/mnt/c/Users/nateg/OneDrive/Documentos/GitHub/vanity-press-economy/tmp_EntropyasInfrastructure_ComputationandHeat.txt_xQJKny/chunk_af
/mnt/c/Users/nateg/OneDrive/Documentos/GitHub/vanity-press-economy/tmp_EntropyasInfrastructure_ComputationandHeat.txt_xQJKny/chunk_ag
/mnt/c/Users/nateg/OneDrive/Documentos/GitHub/vanity-press-economy/tmp_EntropyasInfrastructure_ComputationandHeat.txt_xQJKny/chunk_ah
/mnt/c/Users/nateg/OneDrive/Documentos/GitHub/vanity-press-economy/tmp_EntropyasInfrastructure_ComputationandHeat.txt_xQJKny/chunk_ai
/mnt/c/Users/nateg/OneDrive/Documentos/GitHub/vanity-press-economy/tmp_EntropyasInfrastructure_ComputationandHeat.txt_xQJKny/chunk_aj
/mnt/c/Users/nateg/OneDrive/Documentos/GitHub/vanity-press-economy/tmp_EntropyasInfrastructure_ComputationandHeat.txt_xQJKny/chunk_ak
/mnt/c/Users/nateg/OneDrive/Documentos/GitHub/vanity-press-economy/tmp_EntropyasInfrastructure_ComputationandHeat.txt_xQJKny/chunk_al
/mnt/c/Users/nateg/OneDrive/Documentos/GitHub/vanity-press-economy/tmp_EntropyasInfrastructure_ComputationandHeat.txt_xQJKny/chunk_am
/mnt/c/Users/nateg/OneDrive/Documentos/GitHub/vanity-press-economy/tmp_EntropyasInfrastructure_ComputationandHeat.txt_xQJKny/chunk_an
/mnt/c/Users/nateg/OneDrive/Documentos/GitHub/vanity-press-economy/tmp_EntropyasInfrastructure_ComputationandHeat.txt_xQJKny/chunk_ao
Temporary directory /mnt/c/Users/nateg/OneDrive/Documentos/GitHub/vanity-press-economy/tmp_EntropyasInfrastructure_ComputationandHeat.txt_xQJKny removed
Entropy as Infrastructure_ Computation and Heat.txt
Processing Explain TARTAN concept.txt
Temporary directory created: /mnt/c/Users/nateg/OneDrive/Documentos/GitHub/vanity-press-economy/tmp_ExplainTARTANconcept.txt_9cra0S
File split into chunks: /mnt/c/Users/nateg/OneDrive/Documentos/GitHub/vanity-press-economy/tmp_ExplainTARTANconcept.txt_9cra0S/chunk_aa
/mnt/c/Users/nateg/OneDrive/Documentos/GitHub/vanity-press-economy/tmp_ExplainTARTANconcept.txt_9cra0S/chunk_ab
/mnt/c/Users/nateg/OneDrive/Documentos/GitHub/vanity-press-economy/tmp_ExplainTARTANconcept.txt_9cra0S/chunk_ac
/mnt/c/Users/nateg/OneDrive/Documentos/GitHub/vanity-press-economy/tmp_ExplainTARTANconcept.txt_9cra0S/chunk_ad
/mnt/c/Users/nateg/OneDrive/Documentos/GitHub/vanity-press-economy/tmp_ExplainTARTANconcept.txt_9cra0S/chunk_ae
/mnt/c/Users/nateg/OneDrive/Documentos/GitHub/vanity-press-economy/tmp_ExplainTARTANconcept.txt_9cra0S/chunk_af
/mnt/c/Users/nateg/OneDrive/Documentos/GitHub/vanity-press-economy/tmp_ExplainTARTANconcept.txt_9cra0S/chunk_ag
/mnt/c/Users/nateg/OneDrive/Documentos/GitHub/vanity-press-economy/tmp_ExplainTARTANconcept.txt_9cra0S/chunk_ah
Temporary directory /mnt/c/Users/nateg/OneDrive/Documentos/GitHub/vanity-press-economy/tmp_ExplainTARTANconcept.txt_9cra0S removed
Explain TARTAN concept.txt
Processing Flyxion Portfolio_ RSVP Framework Projects.txt
Temporary directory created: /mnt/c/Users/nateg/OneDrive/Documentos/GitHub/vanity-press-economy/tmp_FlyxionPortfolio_RSVPFrameworkProjects.txt_R8iq9t
File split into chunks: /mnt/c/Users/nateg/OneDrive/Documentos/GitHub/vanity-press-economy/tmp_FlyxionPortfolio_RSVPFrameworkProjects.txt_R8iq9t/chunk_aa
/mnt/c/Users/nateg/OneDrive/Documentos/GitHub/vanity-press-economy/tmp_FlyxionPortfolio_RSVPFrameworkProjects.txt_R8iq9t/chunk_ab
/mnt/c/Users/nateg/OneDrive/Documentos/GitHub/vanity-press-economy/tmp_FlyxionPortfolio_RSVPFrameworkProjects.txt_R8iq9t/chunk_ac
Temporary directory /mnt/c/Users/nateg/OneDrive/Documentos/GitHub/vanity-press-economy/tmp_FlyxionPortfolio_RSVPFrameworkProjects.txt_R8iq9t removed
Flyxion Portfolio_ RSVP Framework Projects.txt
Processing Gauge theory of cognition.txt
Temporary directory created: /mnt/c/Users/nateg/OneDrive/Documentos/GitHub/vanity-press-economy/tmp_Gaugetheoryofcognition.txt_a1ZA3i
File split into chunks: /mnt/c/Users/nateg/OneDrive/Documentos/GitHub/vanity-press-economy/tmp_Gaugetheoryofcognition.txt_a1ZA3i/chunk_aa
/mnt/c/Users/nateg/OneDrive/Documentos/GitHub/vanity-press-economy/tmp_Gaugetheoryofcognition.txt_a1ZA3i/chunk_ab
/mnt/c/Users/nateg/OneDrive/Documentos/GitHub/vanity-press-economy/tmp_Gaugetheoryofcognition.txt_a1ZA3i/chunk_ac
/mnt/c/Users/nateg/OneDrive/Documentos/GitHub/vanity-press-economy/tmp_Gaugetheoryofcognition.txt_a1ZA3i/chunk_ad
/mnt/c/Users/nateg/OneDrive/Documentos/GitHub/vanity-press-economy/tmp_Gaugetheoryofcognition.txt_a1ZA3i/chunk_ae
/mnt/c/Users/nateg/OneDrive/Documentos/GitHub/vanity-press-economy/tmp_Gaugetheoryofcognition.txt_a1ZA3i/chunk_af
/mnt/c/Users/nateg/OneDrive/Documentos/GitHub/vanity-press-economy/tmp_Gaugetheoryofcognition.txt_a1ZA3i/chunk_ag
/mnt/c/Users/nateg/OneDrive/Documentos/GitHub/vanity-press-economy/tmp_Gaugetheoryofcognition.txt_a1ZA3i/chunk_ah
/mnt/c/Users/nateg/OneDrive/Documentos/GitHub/vanity-press-economy/tmp_Gaugetheoryofcognition.txt_a1ZA3i/chunk_ai
/mnt/c/Users/nateg/OneDrive/Documentos/GitHub/vanity-press-economy/tmp_Gaugetheoryofcognition.txt_a1ZA3i/chunk_aj
Temporary directory /mnt/c/Users/nateg/OneDrive/Documentos/GitHub/vanity-press-economy/tmp_Gaugetheoryofcognition.txt_a1ZA3i removed
Gauge theory of cognition.txt
Processing GitHub fork visibility limitations.txt
Temporary directory created: /mnt/c/Users/nateg/OneDrive/Documentos/GitHub/vanity-press-economy/tmp_GitHubforkvisibilitylimitations.txt_y1d2Pg
File split into chunks: /mnt/c/Users/nateg/OneDrive/Documentos/GitHub/vanity-press-economy/tmp_GitHubforkvisibilitylimitations.txt_y1d2Pg/chunk_aa
Temporary directory /mnt/c/Users/nateg/OneDrive/Documentos/GitHub/vanity-press-economy/tmp_GitHubforkvisibilitylimitations.txt_y1d2Pg removed
GitHub fork visibility limitations.txt
Processing Global question game analysis.txt
Temporary directory created: /mnt/c/Users/nateg/OneDrive/Documentos/GitHub/vanity-press-economy/tmp_Globalquestiongameanalysis.txt_w82b6I
File split into chunks: /mnt/c/Users/nateg/OneDrive/Documentos/GitHub/vanity-press-economy/tmp_Globalquestiongameanalysis.txt_w82b6I/chunk_aa
/mnt/c/Users/nateg/OneDrive/Documentos/GitHub/vanity-press-economy/tmp_Globalquestiongameanalysis.txt_w82b6I/chunk_ab
/mnt/c/Users/nateg/OneDrive/Documentos/GitHub/vanity-press-economy/tmp_Globalquestiongameanalysis.txt_w82b6I/chunk_ac
Temporary directory /mnt/c/Users/nateg/OneDrive/Documentos/GitHub/vanity-press-economy/tmp_Globalquestiongameanalysis.txt_w82b6I removed
Global question game analysis.txt
Processing LICENSE.txt
Temporary directory created: /mnt/c/Users/nateg/OneDrive/Documentos/GitHub/vanity-press-economy/tmp_LICENSE.txt_onIp92
File split into chunks: /mnt/c/Users/nateg/OneDrive/Documentos/GitHub/vanity-press-economy/tmp_LICENSE.txt_onIp92/chunk_aa
Temporary directory /mnt/c/Users/nateg/OneDrive/Documentos/GitHub/vanity-press-economy/tmp_LICENSE.txt_onIp92 removed
LICENSE.txt
Processing Ontogenetic hazards overview.txt
Temporary directory created: /mnt/c/Users/nateg/OneDrive/Documentos/GitHub/vanity-press-economy/tmp_Ontogenetichazardsoverview.txt_9eS7UJ
File split into chunks: /mnt/c/Users/nateg/OneDrive/Documentos/GitHub/vanity-press-economy/tmp_Ontogenetichazardsoverview.txt_9eS7UJ/chunk_aa
/mnt/c/Users/nateg/OneDrive/Documentos/GitHub/vanity-press-economy/tmp_Ontogenetichazardsoverview.txt_9eS7UJ/chunk_ab
/mnt/c/Users/nateg/OneDrive/Documentos/GitHub/vanity-press-economy/tmp_Ontogenetichazardsoverview.txt_9eS7UJ/chunk_ac
/mnt/c/Users/nateg/OneDrive/Documentos/GitHub/vanity-press-economy/tmp_Ontogenetichazardsoverview.txt_9eS7UJ/chunk_ad
/mnt/c/Users/nateg/OneDrive/Documentos/GitHub/vanity-press-economy/tmp_Ontogenetichazardsoverview.txt_9eS7UJ/chunk_ae
/mnt/c/Users/nateg/OneDrive/Documentos/GitHub/vanity-press-economy/tmp_Ontogenetichazardsoverview.txt_9eS7UJ/chunk_af
Temporary directory /mnt/c/Users/nateg/OneDrive/Documentos/GitHub/vanity-press-economy/tmp_Ontogenetichazardsoverview.txt_9eS7UJ removed
Ontogenetic hazards overview.txt
Processing Parsing and general intelligence.txt
Temporary directory created: /mnt/c/Users/nateg/OneDrive/Documentos/GitHub/vanity-press-economy/tmp_Parsingandgeneralintelligence.txt_uePeBd
File split into chunks: /mnt/c/Users/nateg/OneDrive/Documentos/GitHub/vanity-press-economy/tmp_Parsingandgeneralintelligence.txt_uePeBd/chunk_aa
/mnt/c/Users/nateg/OneDrive/Documentos/GitHub/vanity-press-economy/tmp_Parsingandgeneralintelligence.txt_uePeBd/chunk_ab
/mnt/c/Users/nateg/OneDrive/Documentos/GitHub/vanity-press-economy/tmp_Parsingandgeneralintelligence.txt_uePeBd/chunk_ac
/mnt/c/Users/nateg/OneDrive/Documentos/GitHub/vanity-press-economy/tmp_Parsingandgeneralintelligence.txt_uePeBd/chunk_ad
/mnt/c/Users/nateg/OneDrive/Documentos/GitHub/vanity-press-economy/tmp_Parsingandgeneralintelligence.txt_uePeBd/chunk_ae
/mnt/c/Users/nateg/OneDrive/Documentos/GitHub/vanity-press-economy/tmp_Parsingandgeneralintelligence.txt_uePeBd/chunk_af
/mnt/c/Users/nateg/OneDrive/Documentos/GitHub/vanity-press-economy/tmp_Parsingandgeneralintelligence.txt_uePeBd/chunk_ag
/mnt/c/Users/nateg/OneDrive/Documentos/GitHub/vanity-press-economy/tmp_Parsingandgeneralintelligence.txt_uePeBd/chunk_ah
/mnt/c/Users/nateg/OneDrive/Documentos/GitHub/vanity-press-economy/tmp_Parsingandgeneralintelligence.txt_uePeBd/chunk_ai
/mnt/c/Users/nateg/OneDrive/Documentos/GitHub/vanity-press-economy/tmp_Parsingandgeneralintelligence.txt_uePeBd/chunk_aj
/mnt/c/Users/nateg/OneDrive/Documentos/GitHub/vanity-press-economy/tmp_Parsingandgeneralintelligence.txt_uePeBd/chunk_ak
/mnt/c/Users/nateg/OneDrive/Documentos/GitHub/vanity-press-economy/tmp_Parsingandgeneralintelligence.txt_uePeBd/chunk_al
/mnt/c/Users/nateg/OneDrive/Documentos/GitHub/vanity-press-economy/tmp_Parsingandgeneralintelligence.txt_uePeBd/chunk_am
/mnt/c/Users/nateg/OneDrive/Documentos/GitHub/vanity-press-economy/tmp_Parsingandgeneralintelligence.txt_uePeBd/chunk_an
/mnt/c/Users/nateg/OneDrive/Documentos/GitHub/vanity-press-economy/tmp_Parsingandgeneralintelligence.txt_uePeBd/chunk_ao
Temporary directory /mnt/c/Users/nateg/OneDrive/Documentos/GitHub/vanity-press-economy/tmp_Parsingandgeneralintelligence.txt_uePeBd removed
Parsing and general intelligence.txt
Processing Project list overview.txt
Temporary directory created: /mnt/c/Users/nateg/OneDrive/Documentos/GitHub/vanity-press-economy/tmp_Projectlistoverview.txt_0RZk9W
File split into chunks: /mnt/c/Users/nateg/OneDrive/Documentos/GitHub/vanity-press-economy/tmp_Projectlistoverview.txt_0RZk9W/chunk_aa
/mnt/c/Users/nateg/OneDrive/Documentos/GitHub/vanity-press-economy/tmp_Projectlistoverview.txt_0RZk9W/chunk_ab
/mnt/c/Users/nateg/OneDrive/Documentos/GitHub/vanity-press-economy/tmp_Projectlistoverview.txt_0RZk9W/chunk_ac
/mnt/c/Users/nateg/OneDrive/Documentos/GitHub/vanity-press-economy/tmp_Projectlistoverview.txt_0RZk9W/chunk_ad
/mnt/c/Users/nateg/OneDrive/Documentos/GitHub/vanity-press-economy/tmp_Projectlistoverview.txt_0RZk9W/chunk_ae
/mnt/c/Users/nateg/OneDrive/Documentos/GitHub/vanity-press-economy/tmp_Projectlistoverview.txt_0RZk9W/chunk_af
/mnt/c/Users/nateg/OneDrive/Documentos/GitHub/vanity-press-economy/tmp_Projectlistoverview.txt_0RZk9W/chunk_ag
Temporary directory /mnt/c/Users/nateg/OneDrive/Documentos/GitHub/vanity-press-economy/tmp_Projectlistoverview.txt_0RZk9W removed
Project list overview.txt
Processing Project list summary (1).txt
Temporary directory created: /mnt/c/Users/nateg/OneDrive/Documentos/GitHub/vanity-press-economy/tmp_Projectlistsummary(1).txt_ZLMUum
File split into chunks: /mnt/c/Users/nateg/OneDrive/Documentos/GitHub/vanity-press-economy/tmp_Projectlistsummary(1).txt_ZLMUum/chunk_aa
Temporary directory /mnt/c/Users/nateg/OneDrive/Documentos/GitHub/vanity-press-economy/tmp_Projectlistsummary(1).txt_ZLMUum removed
Project list summary (1).txt
Processing Publication options advice.txt
Temporary directory created: /mnt/c/Users/nateg/OneDrive/Documentos/GitHub/vanity-press-economy/tmp_Publicationoptionsadvice.txt_SsSPxV
File split into chunks: /mnt/c/Users/nateg/OneDrive/Documentos/GitHub/vanity-press-economy/tmp_Publicationoptionsadvice.txt_SsSPxV/chunk_aa
Temporary directory /mnt/c/Users/nateg/OneDrive/Documentos/GitHub/vanity-press-economy/tmp_Publicationoptionsadvice.txt_SsSPxV removed
Publication options advice.txt
Processing Recursive Futarchy_ Governance Resilience Framework.txt
Temporary directory created: /mnt/c/Users/nateg/OneDrive/Documentos/GitHub/vanity-press-economy/tmp_RecursiveFutarchy_GovernanceResilienceFramework.txt_Y5BlIE
File split into chunks: /mnt/c/Users/nateg/OneDrive/Documentos/GitHub/vanity-press-economy/tmp_RecursiveFutarchy_GovernanceResilienceFramework.txt_Y5BlIE/chunk_aa
/mnt/c/Users/nateg/OneDrive/Documentos/GitHub/vanity-press-economy/tmp_RecursiveFutarchy_GovernanceResilienceFramework.txt_Y5BlIE/chunk_ab
/mnt/c/Users/nateg/OneDrive/Documentos/GitHub/vanity-press-economy/tmp_RecursiveFutarchy_GovernanceResilienceFramework.txt_Y5BlIE/chunk_ac
/mnt/c/Users/nateg/OneDrive/Documentos/GitHub/vanity-press-economy/tmp_RecursiveFutarchy_GovernanceResilienceFramework.txt_Y5BlIE/chunk_ad
/mnt/c/Users/nateg/OneDrive/Documentos/GitHub/vanity-press-economy/tmp_RecursiveFutarchy_GovernanceResilienceFramework.txt_Y5BlIE/chunk_ae
/mnt/c/Users/nateg/OneDrive/Documentos/GitHub/vanity-press-economy/tmp_RecursiveFutarchy_GovernanceResilienceFramework.txt_Y5BlIE/chunk_af
/mnt/c/Users/nateg/OneDrive/Documentos/GitHub/vanity-press-economy/tmp_RecursiveFutarchy_GovernanceResilienceFramework.txt_Y5BlIE/chunk_ag
/mnt/c/Users/nateg/OneDrive/Documentos/GitHub/vanity-press-economy/tmp_RecursiveFutarchy_GovernanceResilienceFramework.txt_Y5BlIE/chunk_ah
/mnt/c/Users/nateg/OneDrive/Documentos/GitHub/vanity-press-economy/tmp_RecursiveFutarchy_GovernanceResilienceFramework.txt_Y5BlIE/chunk_ai
/mnt/c/Users/nateg/OneDrive/Documentos/GitHub/vanity-press-economy/tmp_RecursiveFutarchy_GovernanceResilienceFramework.txt_Y5BlIE/chunk_aj
/mnt/c/Users/nateg/OneDrive/Documentos/GitHub/vanity-press-economy/tmp_RecursiveFutarchy_GovernanceResilienceFramework.txt_Y5BlIE/chunk_ak
/mnt/c/Users/nateg/OneDrive/Documentos/GitHub/vanity-press-economy/tmp_RecursiveFutarchy_GovernanceResilienceFramework.txt_Y5BlIE/chunk_al
/mnt/c/Users/nateg/OneDrive/Documentos/GitHub/vanity-press-economy/tmp_RecursiveFutarchy_GovernanceResilienceFramework.txt_Y5BlIE/chunk_am
/mnt/c/Users/nateg/OneDrive/Documentos/GitHub/vanity-press-economy/tmp_RecursiveFutarchy_GovernanceResilienceFramework.txt_Y5BlIE/chunk_an
/mnt/c/Users/nateg/OneDrive/Documentos/GitHub/vanity-press-economy/tmp_RecursiveFutarchy_GovernanceResilienceFramework.txt_Y5BlIE/chunk_ao
/mnt/c/Users/nateg/OneDrive/Documentos/GitHub/vanity-press-economy/tmp_RecursiveFutarchy_GovernanceResilienceFramework.txt_Y5BlIE/chunk_ap
Temporary directory /mnt/c/Users/nateg/OneDrive/Documentos/GitHub/vanity-press-economy/tmp_RecursiveFutarchy_GovernanceResilienceFramework.txt_Y5BlIE removed
Recursive Futarchy_ Governance Resilience Framework.txt
Processing Research diversification benefits.txt
Temporary directory created: /mnt/c/Users/nateg/OneDrive/Documentos/GitHub/vanity-press-economy/tmp_Researchdiversificationbenefits.txt_u4p9BU
File split into chunks: /mnt/c/Users/nateg/OneDrive/Documentos/GitHub/vanity-press-economy/tmp_Researchdiversificationbenefits.txt_u4p9BU/chunk_aa
/mnt/c/Users/nateg/OneDrive/Documentos/GitHub/vanity-press-economy/tmp_Researchdiversificationbenefits.txt_u4p9BU/chunk_ab
/mnt/c/Users/nateg/OneDrive/Documentos/GitHub/vanity-press-economy/tmp_Researchdiversificationbenefits.txt_u4p9BU/chunk_ac
/mnt/c/Users/nateg/OneDrive/Documentos/GitHub/vanity-press-economy/tmp_Researchdiversificationbenefits.txt_u4p9BU/chunk_ad
/mnt/c/Users/nateg/OneDrive/Documentos/GitHub/vanity-press-economy/tmp_Researchdiversificationbenefits.txt_u4p9BU/chunk_ae
/mnt/c/Users/nateg/OneDrive/Documentos/GitHub/vanity-press-economy/tmp_Researchdiversificationbenefits.txt_u4p9BU/chunk_af
/mnt/c/Users/nateg/OneDrive/Documentos/GitHub/vanity-press-economy/tmp_Researchdiversificationbenefits.txt_u4p9BU/chunk_ag
/mnt/c/Users/nateg/OneDrive/Documentos/GitHub/vanity-press-economy/tmp_Researchdiversificationbenefits.txt_u4p9BU/chunk_ah
/mnt/c/Users/nateg/OneDrive/Documentos/GitHub/vanity-press-economy/tmp_Researchdiversificationbenefits.txt_u4p9BU/chunk_ai
/mnt/c/Users/nateg/OneDrive/Documentos/GitHub/vanity-press-economy/tmp_Researchdiversificationbenefits.txt_u4p9BU/chunk_aj
/mnt/c/Users/nateg/OneDrive/Documentos/GitHub/vanity-press-economy/tmp_Researchdiversificationbenefits.txt_u4p9BU/chunk_ak
/mnt/c/Users/nateg/OneDrive/Documentos/GitHub/vanity-press-economy/tmp_Researchdiversificationbenefits.txt_u4p9BU/chunk_al
/mnt/c/Users/nateg/OneDrive/Documentos/GitHub/vanity-press-economy/tmp_Researchdiversificationbenefits.txt_u4p9BU/chunk_am
/mnt/c/Users/nateg/OneDrive/Documentos/GitHub/vanity-press-economy/tmp_Researchdiversificationbenefits.txt_u4p9BU/chunk_an
/mnt/c/Users/nateg/OneDrive/Documentos/GitHub/vanity-press-economy/tmp_Researchdiversificationbenefits.txt_u4p9BU/chunk_ao
/mnt/c/Users/nateg/OneDrive/Documentos/GitHub/vanity-press-economy/tmp_Researchdiversificationbenefits.txt_u4p9BU/chunk_ap
/mnt/c/Users/nateg/OneDrive/Documentos/GitHub/vanity-press-economy/tmp_Researchdiversificationbenefits.txt_u4p9BU/chunk_aq
/mnt/c/Users/nateg/OneDrive/Documentos/GitHub/vanity-press-economy/tmp_Researchdiversificationbenefits.txt_u4p9BU/chunk_ar
/mnt/c/Users/nateg/OneDrive/Documentos/GitHub/vanity-press-economy/tmp_Researchdiversificationbenefits.txt_u4p9BU/chunk_as
/mnt/c/Users/nateg/OneDrive/Documentos/GitHub/vanity-press-economy/tmp_Researchdiversificationbenefits.txt_u4p9BU/chunk_at
/mnt/c/Users/nateg/OneDrive/Documentos/GitHub/vanity-press-economy/tmp_Researchdiversificationbenefits.txt_u4p9BU/chunk_au
/mnt/c/Users/nateg/OneDrive/Documentos/GitHub/vanity-press-economy/tmp_Researchdiversificationbenefits.txt_u4p9BU/chunk_av
/mnt/c/Users/nateg/OneDrive/Documentos/GitHub/vanity-press-economy/tmp_Researchdiversificationbenefits.txt_u4p9BU/chunk_aw
/mnt/c/Users/nateg/OneDrive/Documentos/GitHub/vanity-press-economy/tmp_Researchdiversificationbenefits.txt_u4p9BU/chunk_ax
/mnt/c/Users/nateg/OneDrive/Documentos/GitHub/vanity-press-economy/tmp_Researchdiversificationbenefits.txt_u4p9BU/chunk_ay
/mnt/c/Users/nateg/OneDrive/Documentos/GitHub/vanity-press-economy/tmp_Researchdiversificationbenefits.txt_u4p9BU/chunk_az
/mnt/c/Users/nateg/OneDrive/Documentos/GitHub/vanity-press-economy/tmp_Researchdiversificationbenefits.txt_u4p9BU/chunk_ba
/mnt/c/Users/nateg/OneDrive/Documentos/GitHub/vanity-press-economy/tmp_Researchdiversificationbenefits.txt_u4p9BU/chunk_bb
/mnt/c/Users/nateg/OneDrive/Documentos/GitHub/vanity-press-economy/tmp_Researchdiversificationbenefits.txt_u4p9BU/chunk_bc
/mnt/c/Users/nateg/OneDrive/Documentos/GitHub/vanity-press-economy/tmp_Researchdiversificationbenefits.txt_u4p9BU/chunk_bd
/mnt/c/Users/nateg/OneDrive/Documentos/GitHub/vanity-press-economy/tmp_Researchdiversificationbenefits.txt_u4p9BU/chunk_be
/mnt/c/Users/nateg/OneDrive/Documentos/GitHub/vanity-press-economy/tmp_Researchdiversificationbenefits.txt_u4p9BU/chunk_bf
/mnt/c/Users/nateg/OneDrive/Documentos/GitHub/vanity-press-economy/tmp_Researchdiversificationbenefits.txt_u4p9BU/chunk_bg
Temporary directory /mnt/c/Users/nateg/OneDrive/Documentos/GitHub/vanity-press-economy/tmp_Researchdiversificationbenefits.txt_u4p9BU removed
Research diversification benefits.txt
Processing Semantic Weaving and Self-Repair.txt
Temporary directory created: /mnt/c/Users/nateg/OneDrive/Documentos/GitHub/vanity-press-economy/tmp_SemanticWeavingandSelf-Repair.txt_yFVqrl
File split into chunks: /mnt/c/Users/nateg/OneDrive/Documentos/GitHub/vanity-press-economy/tmp_SemanticWeavingandSelf-Repair.txt_yFVqrl/chunk_aa
/mnt/c/Users/nateg/OneDrive/Documentos/GitHub/vanity-press-economy/tmp_SemanticWeavingandSelf-Repair.txt_yFVqrl/chunk_ab
/mnt/c/Users/nateg/OneDrive/Documentos/GitHub/vanity-press-economy/tmp_SemanticWeavingandSelf-Repair.txt_yFVqrl/chunk_ac
/mnt/c/Users/nateg/OneDrive/Documentos/GitHub/vanity-press-economy/tmp_SemanticWeavingandSelf-Repair.txt_yFVqrl/chunk_ad
/mnt/c/Users/nateg/OneDrive/Documentos/GitHub/vanity-press-economy/tmp_SemanticWeavingandSelf-Repair.txt_yFVqrl/chunk_ae
/mnt/c/Users/nateg/OneDrive/Documentos/GitHub/vanity-press-economy/tmp_SemanticWeavingandSelf-Repair.txt_yFVqrl/chunk_af
/mnt/c/Users/nateg/OneDrive/Documentos/GitHub/vanity-press-economy/tmp_SemanticWeavingandSelf-Repair.txt_yFVqrl/chunk_ag
/mnt/c/Users/nateg/OneDrive/Documentos/GitHub/vanity-press-economy/tmp_SemanticWeavingandSelf-Repair.txt_yFVqrl/chunk_ah
/mnt/c/Users/nateg/OneDrive/Documentos/GitHub/vanity-press-economy/tmp_SemanticWeavingandSelf-Repair.txt_yFVqrl/chunk_ai
/mnt/c/Users/nateg/OneDrive/Documentos/GitHub/vanity-press-economy/tmp_SemanticWeavingandSelf-Repair.txt_yFVqrl/chunk_aj
Temporary directory /mnt/c/Users/nateg/OneDrive/Documentos/GitHub/vanity-press-economy/tmp_SemanticWeavingandSelf-Repair.txt_yFVqrl removed
Semantic Weaving and Self-Repair.txt
Processing Spherepop Calculus_ Haskell Implementation.txt
Temporary directory created: /mnt/c/Users/nateg/OneDrive/Documentos/GitHub/vanity-press-economy/tmp_SpherepopCalculus_HaskellImplementation.txt_ElMa26
File split into chunks: /mnt/c/Users/nateg/OneDrive/Documentos/GitHub/vanity-press-economy/tmp_SpherepopCalculus_HaskellImplementation.txt_ElMa26/chunk_aa
/mnt/c/Users/nateg/OneDrive/Documentos/GitHub/vanity-press-economy/tmp_SpherepopCalculus_HaskellImplementation.txt_ElMa26/chunk_ab
/mnt/c/Users/nateg/OneDrive/Documentos/GitHub/vanity-press-economy/tmp_SpherepopCalculus_HaskellImplementation.txt_ElMa26/chunk_ac
/mnt/c/Users/nateg/OneDrive/Documentos/GitHub/vanity-press-economy/tmp_SpherepopCalculus_HaskellImplementation.txt_ElMa26/chunk_ad
/mnt/c/Users/nateg/OneDrive/Documentos/GitHub/vanity-press-economy/tmp_SpherepopCalculus_HaskellImplementation.txt_ElMa26/chunk_ae
/mnt/c/Users/nateg/OneDrive/Documentos/GitHub/vanity-press-economy/tmp_SpherepopCalculus_HaskellImplementation.txt_ElMa26/chunk_af
/mnt/c/Users/nateg/OneDrive/Documentos/GitHub/vanity-press-economy/tmp_SpherepopCalculus_HaskellImplementation.txt_ElMa26/chunk_ag
/mnt/c/Users/nateg/OneDrive/Documentos/GitHub/vanity-press-economy/tmp_SpherepopCalculus_HaskellImplementation.txt_ElMa26/chunk_ah
/mnt/c/Users/nateg/OneDrive/Documentos/GitHub/vanity-press-economy/tmp_SpherepopCalculus_HaskellImplementation.txt_ElMa26/chunk_ai
/mnt/c/Users/nateg/OneDrive/Documentos/GitHub/vanity-press-economy/tmp_SpherepopCalculus_HaskellImplementation.txt_ElMa26/chunk_aj
/mnt/c/Users/nateg/OneDrive/Documentos/GitHub/vanity-press-economy/tmp_SpherepopCalculus_HaskellImplementation.txt_ElMa26/chunk_ak
/mnt/c/Users/nateg/OneDrive/Documentos/GitHub/vanity-press-economy/tmp_SpherepopCalculus_HaskellImplementation.txt_ElMa26/chunk_al
/mnt/c/Users/nateg/OneDrive/Documentos/GitHub/vanity-press-economy/tmp_SpherepopCalculus_HaskellImplementation.txt_ElMa26/chunk_am
/mnt/c/Users/nateg/OneDrive/Documentos/GitHub/vanity-press-economy/tmp_SpherepopCalculus_HaskellImplementation.txt_ElMa26/chunk_an
/mnt/c/Users/nateg/OneDrive/Documentos/GitHub/vanity-press-economy/tmp_SpherepopCalculus_HaskellImplementation.txt_ElMa26/chunk_ao
/mnt/c/Users/nateg/OneDrive/Documentos/GitHub/vanity-press-economy/tmp_SpherepopCalculus_HaskellImplementation.txt_ElMa26/chunk_ap
/mnt/c/Users/nateg/OneDrive/Documentos/GitHub/vanity-press-economy/tmp_SpherepopCalculus_HaskellImplementation.txt_ElMa26/chunk_aq
/mnt/c/Users/nateg/OneDrive/Documentos/GitHub/vanity-press-economy/tmp_SpherepopCalculus_HaskellImplementation.txt_ElMa26/chunk_ar
/mnt/c/Users/nateg/OneDrive/Documentos/GitHub/vanity-press-economy/tmp_SpherepopCalculus_HaskellImplementation.txt_ElMa26/chunk_as
Temporary directory /mnt/c/Users/nateg/OneDrive/Documentos/GitHub/vanity-press-economy/tmp_SpherepopCalculus_HaskellImplementation.txt_ElMa26 removed
Spherepop Calculus_ Haskell Implementation.txt
Processing Spherepop calculus overview.txt
Temporary directory created: /mnt/c/Users/nateg/OneDrive/Documentos/GitHub/vanity-press-economy/tmp_Spherepopcalculusoverview.txt_B3j1Bh
File split into chunks: /mnt/c/Users/nateg/OneDrive/Documentos/GitHub/vanity-press-economy/tmp_Spherepopcalculusoverview.txt_B3j1Bh/chunk_aa
/mnt/c/Users/nateg/OneDrive/Documentos/GitHub/vanity-press-economy/tmp_Spherepopcalculusoverview.txt_B3j1Bh/chunk_ab
/mnt/c/Users/nateg/OneDrive/Documentos/GitHub/vanity-press-economy/tmp_Spherepopcalculusoverview.txt_B3j1Bh/chunk_ac
/mnt/c/Users/nateg/OneDrive/Documentos/GitHub/vanity-press-economy/tmp_Spherepopcalculusoverview.txt_B3j1Bh/chunk_ad
/mnt/c/Users/nateg/OneDrive/Documentos/GitHub/vanity-press-economy/tmp_Spherepopcalculusoverview.txt_B3j1Bh/chunk_ae
/mnt/c/Users/nateg/OneDrive/Documentos/GitHub/vanity-press-economy/tmp_Spherepopcalculusoverview.txt_B3j1Bh/chunk_af
/mnt/c/Users/nateg/OneDrive/Documentos/GitHub/vanity-press-economy/tmp_Spherepopcalculusoverview.txt_B3j1Bh/chunk_ag
/mnt/c/Users/nateg/OneDrive/Documentos/GitHub/vanity-press-economy/tmp_Spherepopcalculusoverview.txt_B3j1Bh/chunk_ah
/mnt/c/Users/nateg/OneDrive/Documentos/GitHub/vanity-press-economy/tmp_Spherepopcalculusoverview.txt_B3j1Bh/chunk_ai
/mnt/c/Users/nateg/OneDrive/Documentos/GitHub/vanity-press-economy/tmp_Spherepopcalculusoverview.txt_B3j1Bh/chunk_aj
/mnt/c/Users/nateg/OneDrive/Documentos/GitHub/vanity-press-economy/tmp_Spherepopcalculusoverview.txt_B3j1Bh/chunk_ak
/mnt/c/Users/nateg/OneDrive/Documentos/GitHub/vanity-press-economy/tmp_Spherepopcalculusoverview.txt_B3j1Bh/chunk_al
/mnt/c/Users/nateg/OneDrive/Documentos/GitHub/vanity-press-economy/tmp_Spherepopcalculusoverview.txt_B3j1Bh/chunk_am
Temporary directory /mnt/c/Users/nateg/OneDrive/Documentos/GitHub/vanity-press-economy/tmp_Spherepopcalculusoverview.txt_B3j1Bh removed
Spherepop calculus overview.txt
Processing The Decelerationist Agenda.txt
Temporary directory created: /mnt/c/Users/nateg/OneDrive/Documentos/GitHub/vanity-press-economy/tmp_TheDecelerationistAgenda.txt_BJ5c5E
File split into chunks: /mnt/c/Users/nateg/OneDrive/Documentos/GitHub/vanity-press-economy/tmp_TheDecelerationistAgenda.txt_BJ5c5E/chunk_aa
/mnt/c/Users/nateg/OneDrive/Documentos/GitHub/vanity-press-economy/tmp_TheDecelerationistAgenda.txt_BJ5c5E/chunk_ab
Temporary directory /mnt/c/Users/nateg/OneDrive/Documentos/GitHub/vanity-press-economy/tmp_TheDecelerationistAgenda.txt_BJ5c5E removed
The Decelerationist Agenda.txt
Processing The Vanity Press Economy.txt
Temporary directory created: /mnt/c/Users/nateg/OneDrive/Documentos/GitHub/vanity-press-economy/tmp_TheVanityPressEconomy.txt_1pJFZQ
File split into chunks: /mnt/c/Users/nateg/OneDrive/Documentos/GitHub/vanity-press-economy/tmp_TheVanityPressEconomy.txt_1pJFZQ/chunk_aa
Temporary directory /mnt/c/Users/nateg/OneDrive/Documentos/GitHub/vanity-press-economy/tmp_TheVanityPressEconomy.txt_1pJFZQ removed
The Vanity Press Economy.txt
Processing Toxic Environments Breeding Innovation.txt
Temporary directory created: /mnt/c/Users/nateg/OneDrive/Documentos/GitHub/vanity-press-economy/tmp_ToxicEnvironmentsBreedingInnovation.txt_0q89q1
File split into chunks: /mnt/c/Users/nateg/OneDrive/Documentos/GitHub/vanity-press-economy/tmp_ToxicEnvironmentsBreedingInnovation.txt_0q89q1/chunk_aa
/mnt/c/Users/nateg/OneDrive/Documentos/GitHub/vanity-press-economy/tmp_ToxicEnvironmentsBreedingInnovation.txt_0q89q1/chunk_ab
Temporary directory /mnt/c/Users/nateg/OneDrive/Documentos/GitHub/vanity-press-economy/tmp_ToxicEnvironmentsBreedingInnovation.txt_0q89q1 removed
Toxic Environments Breeding Innovation.txt
Processing Translation vs dumbing down.txt
Temporary directory created: /mnt/c/Users/nateg/OneDrive/Documentos/GitHub/vanity-press-economy/tmp_Translationvsdumbingdown.txt_NrkeMA
File split into chunks: /mnt/c/Users/nateg/OneDrive/Documentos/GitHub/vanity-press-economy/tmp_Translationvsdumbingdown.txt_NrkeMA/chunk_aa
Temporary directory /mnt/c/Users/nateg/OneDrive/Documentos/GitHub/vanity-press-economy/tmp_Translationvsdumbingdown.txt_NrkeMA removed
Translation vs dumbing down.txt
Processing US government shutdown summary.txt
Temporary directory created: /mnt/c/Users/nateg/OneDrive/Documentos/GitHub/vanity-press-economy/tmp_USgovernmentshutdownsummary.txt_pEOvmp
File split into chunks: /mnt/c/Users/nateg/OneDrive/Documentos/GitHub/vanity-press-economy/tmp_USgovernmentshutdownsummary.txt_pEOvmp/chunk_aa
/mnt/c/Users/nateg/OneDrive/Documentos/GitHub/vanity-press-economy/tmp_USgovernmentshutdownsummary.txt_pEOvmp/chunk_ab
/mnt/c/Users/nateg/OneDrive/Documentos/GitHub/vanity-press-economy/tmp_USgovernmentshutdownsummary.txt_pEOvmp/chunk_ac
/mnt/c/Users/nateg/OneDrive/Documentos/GitHub/vanity-press-economy/tmp_USgovernmentshutdownsummary.txt_pEOvmp/chunk_ad
/mnt/c/Users/nateg/OneDrive/Documentos/GitHub/vanity-press-economy/tmp_USgovernmentshutdownsummary.txt_pEOvmp/chunk_ae
/mnt/c/Users/nateg/OneDrive/Documentos/GitHub/vanity-press-economy/tmp_USgovernmentshutdownsummary.txt_pEOvmp/chunk_af
/mnt/c/Users/nateg/OneDrive/Documentos/GitHub/vanity-press-economy/tmp_USgovernmentshutdownsummary.txt_pEOvmp/chunk_ag
/mnt/c/Users/nateg/OneDrive/Documentos/GitHub/vanity-press-economy/tmp_USgovernmentshutdownsummary.txt_pEOvmp/chunk_ah
/mnt/c/Users/nateg/OneDrive/Documentos/GitHub/vanity-press-economy/tmp_USgovernmentshutdownsummary.txt_pEOvmp/chunk_ai
/mnt/c/Users/nateg/OneDrive/Documentos/GitHub/vanity-press-economy/tmp_USgovernmentshutdownsummary.txt_pEOvmp/chunk_aj
/mnt/c/Users/nateg/OneDrive/Documentos/GitHub/vanity-press-economy/tmp_USgovernmentshutdownsummary.txt_pEOvmp/chunk_ak
/mnt/c/Users/nateg/OneDrive/Documentos/GitHub/vanity-press-economy/tmp_USgovernmentshutdownsummary.txt_pEOvmp/chunk_al
/mnt/c/Users/nateg/OneDrive/Documentos/GitHub/vanity-press-economy/tmp_USgovernmentshutdownsummary.txt_pEOvmp/chunk_am
/mnt/c/Users/nateg/OneDrive/Documentos/GitHub/vanity-press-economy/tmp_USgovernmentshutdownsummary.txt_pEOvmp/chunk_an
/mnt/c/Users/nateg/OneDrive/Documentos/GitHub/vanity-press-economy/tmp_USgovernmentshutdownsummary.txt_pEOvmp/chunk_ao
/mnt/c/Users/nateg/OneDrive/Documentos/GitHub/vanity-press-economy/tmp_USgovernmentshutdownsummary.txt_pEOvmp/chunk_ap
/mnt/c/Users/nateg/OneDrive/Documentos/GitHub/vanity-press-economy/tmp_USgovernmentshutdownsummary.txt_pEOvmp/chunk_aq
/mnt/c/Users/nateg/OneDrive/Documentos/GitHub/vanity-press-economy/tmp_USgovernmentshutdownsummary.txt_pEOvmp/chunk_ar
/mnt/c/Users/nateg/OneDrive/Documentos/GitHub/vanity-press-economy/tmp_USgovernmentshutdownsummary.txt_pEOvmp/chunk_as
Temporary directory /mnt/c/Users/nateg/OneDrive/Documentos/GitHub/vanity-press-economy/tmp_USgovernmentshutdownsummary.txt_pEOvmp removed
US government shutdown summary.txt
Processing Vanity Press_ Monetizing Useless Information.txt
Temporary directory created: /mnt/c/Users/nateg/OneDrive/Documentos/GitHub/vanity-press-economy/tmp_VanityPress_MonetizingUselessInformation.txt_s8ZDrg
File split into chunks: /mnt/c/Users/nateg/OneDrive/Documentos/GitHub/vanity-press-economy/tmp_VanityPress_MonetizingUselessInformation.txt_s8ZDrg/chunk_aa
/mnt/c/Users/nateg/OneDrive/Documentos/GitHub/vanity-press-economy/tmp_VanityPress_MonetizingUselessInformation.txt_s8ZDrg/chunk_ab
/mnt/c/Users/nateg/OneDrive/Documentos/GitHub/vanity-press-economy/tmp_VanityPress_MonetizingUselessInformation.txt_s8ZDrg/chunk_ac
/mnt/c/Users/nateg/OneDrive/Documentos/GitHub/vanity-press-economy/tmp_VanityPress_MonetizingUselessInformation.txt_s8ZDrg/chunk_ad
/mnt/c/Users/nateg/OneDrive/Documentos/GitHub/vanity-press-economy/tmp_VanityPress_MonetizingUselessInformation.txt_s8ZDrg/chunk_ae
/mnt/c/Users/nateg/OneDrive/Documentos/GitHub/vanity-press-economy/tmp_VanityPress_MonetizingUselessInformation.txt_s8ZDrg/chunk_af
/mnt/c/Users/nateg/OneDrive/Documentos/GitHub/vanity-press-economy/tmp_VanityPress_MonetizingUselessInformation.txt_s8ZDrg/chunk_ag
/mnt/c/Users/nateg/OneDrive/Documentos/GitHub/vanity-press-economy/tmp_VanityPress_MonetizingUselessInformation.txt_s8ZDrg/chunk_ah
/mnt/c/Users/nateg/OneDrive/Documentos/GitHub/vanity-press-economy/tmp_VanityPress_MonetizingUselessInformation.txt_s8ZDrg/chunk_ai
/mnt/c/Users/nateg/OneDrive/Documentos/GitHub/vanity-press-economy/tmp_VanityPress_MonetizingUselessInformation.txt_s8ZDrg/chunk_aj
/mnt/c/Users/nateg/OneDrive/Documentos/GitHub/vanity-press-economy/tmp_VanityPress_MonetizingUselessInformation.txt_s8ZDrg/chunk_ak
/mnt/c/Users/nateg/OneDrive/Documentos/GitHub/vanity-press-economy/tmp_VanityPress_MonetizingUselessInformation.txt_s8ZDrg/chunk_al
/mnt/c/Users/nateg/OneDrive/Documentos/GitHub/vanity-press-economy/tmp_VanityPress_MonetizingUselessInformation.txt_s8ZDrg/chunk_am
/mnt/c/Users/nateg/OneDrive/Documentos/GitHub/vanity-press-economy/tmp_VanityPress_MonetizingUselessInformation.txt_s8ZDrg/chunk_an
/mnt/c/Users/nateg/OneDrive/Documentos/GitHub/vanity-press-economy/tmp_VanityPress_MonetizingUselessInformation.txt_s8ZDrg/chunk_ao
/mnt/c/Users/nateg/OneDrive/Documentos/GitHub/vanity-press-economy/tmp_VanityPress_MonetizingUselessInformation.txt_s8ZDrg/chunk_ap
/mnt/c/Users/nateg/OneDrive/Documentos/GitHub/vanity-press-economy/tmp_VanityPress_MonetizingUselessInformation.txt_s8ZDrg/chunk_aq
/mnt/c/Users/nateg/OneDrive/Documentos/GitHub/vanity-press-economy/tmp_VanityPress_MonetizingUselessInformation.txt_s8ZDrg/chunk_ar
/mnt/c/Users/nateg/OneDrive/Documentos/GitHub/vanity-press-economy/tmp_VanityPress_MonetizingUselessInformation.txt_s8ZDrg/chunk_as
/mnt/c/Users/nateg/OneDrive/Documentos/GitHub/vanity-press-economy/tmp_VanityPress_MonetizingUselessInformation.txt_s8ZDrg/chunk_at
/mnt/c/Users/nateg/OneDrive/Documentos/GitHub/vanity-press-economy/tmp_VanityPress_MonetizingUselessInformation.txt_s8ZDrg/chunk_au
Temporary directory /mnt/c/Users/nateg/OneDrive/Documentos/GitHub/vanity-press-economy/tmp_VanityPress_MonetizingUselessInformation.txt_s8ZDrg removed
Vanity Press_ Monetizing Useless Information.txt
Processing Video link sharing.txt
Temporary directory created: /mnt/c/Users/nateg/OneDrive/Documentos/GitHub/vanity-press-economy/tmp_Videolinksharing.txt_tHj8TO
File split into chunks: /mnt/c/Users/nateg/OneDrive/Documentos/GitHub/vanity-press-economy/tmp_Videolinksharing.txt_tHj8TO/chunk_aa
Temporary directory /mnt/c/Users/nateg/OneDrive/Documentos/GitHub/vanity-press-economy/tmp_Videolinksharing.txt_tHj8TO removed
Video link sharing.txt
Processing Yarncrawler semantic parser.txt
Temporary directory created: /mnt/c/Users/nateg/OneDrive/Documentos/GitHub/vanity-press-economy/tmp_Yarncrawlersemanticparser.txt_9KATKD
File split into chunks: /mnt/c/Users/nateg/OneDrive/Documentos/GitHub/vanity-press-economy/tmp_Yarncrawlersemanticparser.txt_9KATKD/chunk_aa
/mnt/c/Users/nateg/OneDrive/Documentos/GitHub/vanity-press-economy/tmp_Yarncrawlersemanticparser.txt_9KATKD/chunk_ab
/mnt/c/Users/nateg/OneDrive/Documentos/GitHub/vanity-press-economy/tmp_Yarncrawlersemanticparser.txt_9KATKD/chunk_ac
/mnt/c/Users/nateg/OneDrive/Documentos/GitHub/vanity-press-economy/tmp_Yarncrawlersemanticparser.txt_9KATKD/chunk_ad
/mnt/c/Users/nateg/OneDrive/Documentos/GitHub/vanity-press-economy/tmp_Yarncrawlersemanticparser.txt_9KATKD/chunk_ae
Temporary directory /mnt/c/Users/nateg/OneDrive/Documentos/GitHub/vanity-press-economy/tmp_Yarncrawlersemanticparser.txt_9KATKD removed
Yarncrawler semantic parser.txt
Processing integrating-enactivism.txt
Temporary directory created: /mnt/c/Users/nateg/OneDrive/Documentos/GitHub/vanity-press-economy/tmp_integrating-enactivism.txt_yOIiiQ
File split into chunks: /mnt/c/Users/nateg/OneDrive/Documentos/GitHub/vanity-press-economy/tmp_integrating-enactivism.txt_yOIiiQ/chunk_aa
Temporary directory /mnt/c/Users/nateg/OneDrive/Documentos/GitHub/vanity-press-economy/tmp_integrating-enactivism.txt_yOIiiQ removed
integrating-enactivism.txt
Processing vanity-press-economy-draft.txt
Temporary directory created: /mnt/c/Users/nateg/OneDrive/Documentos/GitHub/vanity-press-economy/tmp_vanity-press-economy-draft.txt_BgeCTV
File split into chunks: /mnt/c/Users/nateg/OneDrive/Documentos/GitHub/vanity-press-economy/tmp_vanity-press-economy-draft.txt_BgeCTV/chunk_aa
Temporary directory /mnt/c/Users/nateg/OneDrive/Documentos/GitHub/vanity-press-economy/tmp_vanity-press-economy-draft.txt_BgeCTV removed
vanity-press-economy-draft.txt
Script completed at Sun Oct  5 20:42:02 ADT 2025
